<?xml version="1.0" encoding="UTF-8"?>
<coverage generated="1692313504126" clover="3.2.0">
  <project timestamp="1692313504126" name="All files">
    <metrics statements="57" coveredstatements="57" conditionals="12" coveredconditionals="12" methods="27" coveredmethods="27" elements="96" coveredelements="96" complexity="0" loc="57" ncloc="57" packages="1" files="1" classes="1"/>
    <file name="index.ts" path="/Users/muratyavuzkaplan/Projects/npm/ts-monads/src/io/index.ts">
      <metrics statements="57" coveredstatements="57" conditionals="12" coveredconditionals="12" methods="27" coveredmethods="27"/>
      <line num="1" count="1" type="stmt"/>
      <line num="2" count="1" type="stmt"/>
      <line num="4" count="1" type="stmt"/>
      <line num="6" count="1" type="stmt"/>
      <line num="14" count="41" type="stmt"/>
      <line num="15" count="41" type="stmt"/>
      <line num="16" count="33" type="cond" truecount="1" falsecount="0"/>
      <line num="17" count="6" type="stmt"/>
      <line num="20" count="27" type="cond" truecount="3" falsecount="0"/>
      <line num="21" count="2" type="stmt"/>
      <line num="24" count="25" type="stmt"/>
      <line num="26" count="8" type="stmt"/>
      <line num="31" count="21" type="stmt"/>
      <line num="37" count="10" type="stmt"/>
      <line num="38" count="10" type="stmt"/>
      <line num="40" count="7" type="stmt"/>
      <line num="42" count="3" type="stmt"/>
      <line num="47" count="4" type="stmt"/>
      <line num="51" count="4" type="cond" truecount="1" falsecount="0"/>
      <line num="52" count="3" type="stmt"/>
      <line num="54" count="1" type="stmt"/>
      <line num="58" count="3" type="cond" truecount="1" falsecount="0"/>
      <line num="59" count="2" type="stmt"/>
      <line num="61" count="1" type="stmt"/>
      <line num="65" count="2" type="cond" truecount="1" falsecount="0"/>
      <line num="66" count="1" type="stmt"/>
      <line num="68" count="1" type="stmt"/>
      <line num="72" count="3" type="cond" truecount="1" falsecount="0"/>
      <line num="73" count="2" type="stmt"/>
      <line num="76" count="1" type="stmt"/>
      <line num="80" count="2" type="cond" truecount="1" falsecount="0"/>
      <line num="81" count="1" type="stmt"/>
      <line num="83" count="1" type="stmt"/>
      <line num="87" count="2" type="cond" truecount="1" falsecount="0"/>
      <line num="88" count="1" type="stmt"/>
      <line num="91" count="1" type="stmt"/>
      <line num="95" count="2" type="cond" truecount="1" falsecount="0"/>
      <line num="96" count="1" type="stmt"/>
      <line num="99" count="1" type="stmt"/>
      <line num="103" count="2" type="cond" truecount="1" falsecount="0"/>
      <line num="104" count="1" type="stmt"/>
      <line num="107" count="1" type="stmt"/>
      <line num="111" count="1" type="stmt"/>
      <line num="112" count="25" type="stmt"/>
      <line num="113" count="25" type="stmt"/>
      <line num="117" count="24" type="stmt"/>
      <line num="121" count="25" type="stmt"/>
      <line num="125" count="1" type="stmt"/>
      <line num="129" count="25" type="stmt"/>
      <line num="133" count="1" type="stmt"/>
      <line num="134" count="25" type="stmt"/>
      <line num="135" count="25" type="stmt"/>
      <line num="139" count="20" type="stmt"/>
      <line num="143" count="1" type="stmt"/>
      <line num="147" count="18" type="stmt"/>
      <line num="151" count="19" type="stmt"/>
      <line num="155" count="2" type="stmt"/>
    </file>
  </project>
</coverage>
