<?xml version="1.0" encoding="UTF-8"?>
<coverage generated="1692313603559" clover="3.2.0">
  <project timestamp="1692313603559" name="All files">
    <metrics statements="31" coveredstatements="31" conditionals="5" coveredconditionals="5" methods="18" coveredmethods="18" elements="54" coveredelements="54" complexity="0" loc="31" ncloc="31" packages="1" files="1" classes="1"/>
    <file name="index.ts" path="/Users/muratyavuzkaplan/Projects/npm/ts-monads/src/option/index.ts">
      <metrics statements="31" coveredstatements="31" conditionals="5" coveredconditionals="5" methods="18" coveredmethods="18"/>
      <line num="1" count="3" type="stmt"/>
      <line num="4" count="3" type="stmt"/>
      <line num="10" count="8" type="stmt"/>
      <line num="14" count="9" type="stmt"/>
      <line num="20" count="6" type="stmt"/>
      <line num="24" count="4" type="stmt"/>
      <line num="28" count="2" type="cond" truecount="1" falsecount="0"/>
      <line num="29" count="1" type="stmt"/>
      <line num="31" count="1" type="stmt"/>
      <line num="35" count="2" type="cond" truecount="1" falsecount="0"/>
      <line num="36" count="1" type="stmt"/>
      <line num="38" count="1" type="stmt"/>
      <line num="42" count="2" type="cond" truecount="1" falsecount="0"/>
      <line num="43" count="1" type="stmt"/>
      <line num="45" count="1" type="stmt"/>
      <line num="49" count="2" type="cond" truecount="1" falsecount="0"/>
      <line num="50" count="1" type="stmt"/>
      <line num="52" count="1" type="stmt"/>
      <line num="56" count="2" type="cond" truecount="1" falsecount="0"/>
      <line num="57" count="1" type="stmt"/>
      <line num="59" count="1" type="stmt"/>
      <line num="63" count="3" type="stmt"/>
      <line num="65" count="1" type="stmt"/>
      <line num="69" count="15" type="stmt"/>
      <line num="73" count="16" type="stmt"/>
      <line num="77" count="3" type="stmt"/>
      <line num="78" count="12" type="stmt"/>
      <line num="79" count="12" type="stmt"/>
      <line num="83" count="12" type="stmt"/>
      <line num="87" count="12" type="stmt"/>
      <line num="91" count="12" type="stmt"/>
    </file>
  </project>
</coverage>
