{"/Users/muratyavuzkaplan/Projects/npm/ts-monads/src/io/index.ts": {"path":"/Users/muratyavuzkaplan/Projects/npm/ts-monads/src/io/index.ts","statementMap":{"0":{"start":{"line":1,"column":0},"end":{"line":1,"column":48}},"1":{"start":{"line":2,"column":0},"end":{"line":2,"column":47}},"2":{"start":{"line":4,"column":0},"end":{"line":4,"column":59}},"3":{"start":{"line":14,"column":4},"end":{"line":27,"column":null}},"4":{"start":{"line":15,"column":21},"end":{"line":15,"column":24}},"5":{"start":{"line":16,"column":6},"end":{"line":18,"column":null}},"6":{"start":{"line":17,"column":8},"end":{"line":17,"column":37}},"7":{"start":{"line":20,"column":6},"end":{"line":22,"column":null}},"8":{"start":{"line":21,"column":8},"end":{"line":21,"column":55}},"9":{"start":{"line":24,"column":6},"end":{"line":24,"column":32}},"10":{"start":{"line":26,"column":6},"end":{"line":26,"column":30}},"11":{"start":{"line":31,"column":4},"end":{"line":31,"column":28}},"12":{"start":{"line":31,"column":25},"end":{"line":31,"column":26}},"13":{"start":{"line":37,"column":4},"end":{"line":43,"column":null}},"14":{"start":{"line":38,"column":22},"end":{"line":38,"column":31}},"15":{"start":{"line":40,"column":6},"end":{"line":40,"column":36}},"16":{"start":{"line":40,"column":27},"end":{"line":40,"column":34}},"17":{"start":{"line":42,"column":6},"end":{"line":42,"column":34}},"18":{"start":{"line":47,"column":4},"end":{"line":47,"column":39}},"19":{"start":{"line":47,"column":36},"end":{"line":47,"column":37}},"20":{"start":{"line":51,"column":4},"end":{"line":53,"column":null}},"21":{"start":{"line":52,"column":6},"end":{"line":52,"column":42}},"22":{"start":{"line":52,"column":27},"end":{"line":52,"column":40}},"23":{"start":{"line":54,"column":4},"end":{"line":54,"column":39}},"24":{"start":{"line":58,"column":4},"end":{"line":60,"column":null}},"25":{"start":{"line":59,"column":6},"end":{"line":59,"column":27}},"26":{"start":{"line":61,"column":4},"end":{"line":61,"column":39}},"27":{"start":{"line":65,"column":4},"end":{"line":67,"column":null}},"28":{"start":{"line":66,"column":6},"end":{"line":66,"column":37}},"29":{"start":{"line":68,"column":4},"end":{"line":68,"column":35}},"30":{"start":{"line":72,"column":4},"end":{"line":74,"column":null}},"31":{"start":{"line":73,"column":6},"end":{"line":73,"column":27}},"32":{"start":{"line":76,"column":4},"end":{"line":76,"column":23}},"33":{"start":{"line":80,"column":4},"end":{"line":82,"column":null}},"34":{"start":{"line":81,"column":6},"end":{"line":81,"column":24}},"35":{"start":{"line":83,"column":4},"end":{"line":83,"column":24}},"36":{"start":{"line":87,"column":4},"end":{"line":89,"column":null}},"37":{"start":{"line":88,"column":6},"end":{"line":88,"column":24}},"38":{"start":{"line":91,"column":4},"end":{"line":91,"column":38}},"39":{"start":{"line":95,"column":4},"end":{"line":97,"column":null}},"40":{"start":{"line":96,"column":6},"end":{"line":96,"column":34}},"41":{"start":{"line":99,"column":4},"end":{"line":99,"column":33}},"42":{"start":{"line":103,"column":4},"end":{"line":105,"column":null}},"43":{"start":{"line":104,"column":6},"end":{"line":104,"column":33}},"44":{"start":{"line":107,"column":4},"end":{"line":107,"column":24}},"45":{"start":{"line":6,"column":0},"end":{"line":6,"column":22}},"46":{"start":{"line":113,"column":4},"end":{"line":113,"column":12}},"47":{"start":{"line":112,"column":31},"end":{"line":112,"column":39}},"48":{"start":{"line":117,"column":4},"end":{"line":117,"column":16}},"49":{"start":{"line":121,"column":4},"end":{"line":121,"column":22}},"50":{"start":{"line":125,"column":4},"end":{"line":125,"column":47}},"51":{"start":{"line":129,"column":4},"end":{"line":129,"column":26}},"52":{"start":{"line":111,"column":0},"end":{"line":111,"column":13}},"53":{"start":{"line":135,"column":4},"end":{"line":135,"column":12}},"54":{"start":{"line":134,"column":31},"end":{"line":134,"column":43}},"55":{"start":{"line":139,"column":4},"end":{"line":139,"column":17}},"56":{"start":{"line":143,"column":4},"end":{"line":143,"column":47}},"57":{"start":{"line":147,"column":4},"end":{"line":147,"column":22}},"58":{"start":{"line":151,"column":4},"end":{"line":151,"column":51}},"59":{"start":{"line":155,"column":4},"end":{"line":155,"column":30}},"60":{"start":{"line":133,"column":0},"end":{"line":133,"column":13}}},"fnMap":{"0":{"name":"(anonymous_1)","decl":{"start":{"line":13,"column":2},"end":{"line":13,"column":8}},"loc":{"start":{"line":13,"column":47},"end":{"line":28,"column":3}}},"1":{"name":"(anonymous_2)","decl":{"start":{"line":30,"column":2},"end":{"line":30,"column":8}},"loc":{"start":{"line":30,"column":21},"end":{"line":32,"column":3}}},"2":{"name":"(anonymous_3)","decl":{"start":{"line":31,"column":19},"end":{"line":31,"column":22}},"loc":{"start":{"line":31,"column":25},"end":{"line":31,"column":26}}},"3":{"name":"(anonymous_4)","decl":{"start":{"line":34,"column":2},"end":{"line":34,"column":8}},"loc":{"start":{"line":35,"column":43},"end":{"line":44,"column":3}}},"4":{"name":"(anonymous_5)","decl":{"start":{"line":40,"column":21},"end":{"line":40,"column":24}},"loc":{"start":{"line":40,"column":27},"end":{"line":40,"column":34}}},"5":{"name":"(anonymous_6)","decl":{"start":{"line":46,"column":2},"end":{"line":46,"column":8}},"loc":{"start":{"line":46,"column":39},"end":{"line":48,"column":3}}},"6":{"name":"(anonymous_7)","decl":{"start":{"line":47,"column":30},"end":{"line":47,"column":33}},"loc":{"start":{"line":47,"column":36},"end":{"line":47,"column":37}}},"7":{"name":"(anonymous_8)","decl":{"start":{"line":50,"column":9},"end":{"line":50,"column":12}},"loc":{"start":{"line":50,"column":30},"end":{"line":55,"column":3}}},"8":{"name":"(anonymous_9)","decl":{"start":{"line":52,"column":21},"end":{"line":52,"column":24}},"loc":{"start":{"line":52,"column":27},"end":{"line":52,"column":40}}},"9":{"name":"(anonymous_10)","decl":{"start":{"line":57,"column":9},"end":{"line":57,"column":16}},"loc":{"start":{"line":57,"column":38},"end":{"line":62,"column":3}}},"10":{"name":"(anonymous_11)","decl":{"start":{"line":64,"column":9},"end":{"line":64,"column":13}},"loc":{"start":{"line":64,"column":72},"end":{"line":69,"column":3}}},"11":{"name":"(anonymous_12)","decl":{"start":{"line":71,"column":9},"end":{"line":71,"column":16}},"loc":{"start":{"line":71,"column":34},"end":{"line":77,"column":3}}},"12":{"name":"(anonymous_13)","decl":{"start":{"line":79,"column":9},"end":{"line":79,"column":15}},"loc":{"start":{"line":79,"column":31},"end":{"line":84,"column":3}}},"13":{"name":"(anonymous_14)","decl":{"start":{"line":86,"column":9},"end":{"line":86,"column":17}},"loc":{"start":{"line":86,"column":47},"end":{"line":92,"column":3}}},"14":{"name":"(anonymous_15)","decl":{"start":{"line":94,"column":9},"end":{"line":94,"column":17}},"loc":{"start":{"line":94,"column":17},"end":{"line":100,"column":3}}},"15":{"name":"(anonymous_16)","decl":{"start":{"line":102,"column":9},"end":{"line":102,"column":17}},"loc":{"start":{"line":102,"column":17},"end":{"line":108,"column":3}}},"16":{"name":"(anonymous_17)","decl":{"start":{"line":112,"column":2},"end":{"line":112,"column":31}},"loc":{"start":{"line":112,"column":39},"end":{"line":114,"column":3}}},"17":{"name":"(anonymous_18)","decl":{"start":{"line":116,"column":9},"end":{"line":116,"column":18}},"loc":{"start":{"line":116,"column":18},"end":{"line":118,"column":3}}},"18":{"name":"(anonymous_19)","decl":{"start":{"line":120,"column":9},"end":{"line":120,"column":12}},"loc":{"start":{"line":120,"column":12},"end":{"line":122,"column":3}}},"19":{"name":"(anonymous_20)","decl":{"start":{"line":124,"column":9},"end":{"line":124,"column":14}},"loc":{"start":{"line":124,"column":14},"end":{"line":126,"column":3}}},"20":{"name":"(anonymous_21)","decl":{"start":{"line":128,"column":2},"end":{"line":128,"column":8}},"loc":{"start":{"line":128,"column":19},"end":{"line":130,"column":3}}},"21":{"name":"(anonymous_22)","decl":{"start":{"line":134,"column":2},"end":{"line":134,"column":31}},"loc":{"start":{"line":134,"column":43},"end":{"line":136,"column":3}}},"22":{"name":"(anonymous_23)","decl":{"start":{"line":138,"column":9},"end":{"line":138,"column":18}},"loc":{"start":{"line":138,"column":18},"end":{"line":140,"column":3}}},"23":{"name":"(anonymous_24)","decl":{"start":{"line":142,"column":9},"end":{"line":142,"column":12}},"loc":{"start":{"line":142,"column":12},"end":{"line":144,"column":3}}},"24":{"name":"(anonymous_25)","decl":{"start":{"line":146,"column":9},"end":{"line":146,"column":14}},"loc":{"start":{"line":146,"column":14},"end":{"line":148,"column":3}}},"25":{"name":"(anonymous_26)","decl":{"start":{"line":150,"column":2},"end":{"line":150,"column":8}},"loc":{"start":{"line":150,"column":34},"end":{"line":152,"column":3}}},"26":{"name":"(anonymous_27)","decl":{"start":{"line":154,"column":2},"end":{"line":154,"column":8}},"loc":{"start":{"line":154,"column":27},"end":{"line":156,"column":3}}}},"branchMap":{"0":{"loc":{"start":{"line":16,"column":6},"end":{"line":18,"column":null}},"type":"if","locations":[{"start":{"line":16,"column":6},"end":{"line":18,"column":null}}]},"1":{"loc":{"start":{"line":20,"column":6},"end":{"line":22,"column":null}},"type":"if","locations":[{"start":{"line":20,"column":6},"end":{"line":22,"column":null}}]},"2":{"loc":{"start":{"line":20,"column":10},"end":{"line":20,"column":49}},"type":"binary-expr","locations":[{"start":{"line":20,"column":10},"end":{"line":20,"column":30}},{"start":{"line":20,"column":34},"end":{"line":20,"column":49}}]},"3":{"loc":{"start":{"line":51,"column":4},"end":{"line":53,"column":null}},"type":"if","locations":[{"start":{"line":51,"column":4},"end":{"line":53,"column":null}}]},"4":{"loc":{"start":{"line":58,"column":4},"end":{"line":60,"column":null}},"type":"if","locations":[{"start":{"line":58,"column":4},"end":{"line":60,"column":null}}]},"5":{"loc":{"start":{"line":65,"column":4},"end":{"line":67,"column":null}},"type":"if","locations":[{"start":{"line":65,"column":4},"end":{"line":67,"column":null}}]},"6":{"loc":{"start":{"line":72,"column":4},"end":{"line":74,"column":null}},"type":"if","locations":[{"start":{"line":72,"column":4},"end":{"line":74,"column":null}}]},"7":{"loc":{"start":{"line":80,"column":4},"end":{"line":82,"column":null}},"type":"if","locations":[{"start":{"line":80,"column":4},"end":{"line":82,"column":null}}]},"8":{"loc":{"start":{"line":87,"column":4},"end":{"line":89,"column":null}},"type":"if","locations":[{"start":{"line":87,"column":4},"end":{"line":89,"column":null}}]},"9":{"loc":{"start":{"line":95,"column":4},"end":{"line":97,"column":null}},"type":"if","locations":[{"start":{"line":95,"column":4},"end":{"line":97,"column":null}}]},"10":{"loc":{"start":{"line":103,"column":4},"end":{"line":105,"column":null}},"type":"if","locations":[{"start":{"line":103,"column":4},"end":{"line":105,"column":null}}]}},"s":{"0":1,"1":1,"2":1,"3":41,"4":41,"5":33,"6":6,"7":27,"8":2,"9":25,"10":8,"11":21,"12":21,"13":10,"14":10,"15":7,"16":7,"17":3,"18":4,"19":4,"20":4,"21":3,"22":3,"23":1,"24":3,"25":2,"26":1,"27":2,"28":1,"29":1,"30":3,"31":2,"32":1,"33":2,"34":1,"35":1,"36":2,"37":1,"38":1,"39":2,"40":1,"41":1,"42":2,"43":1,"44":1,"45":1,"46":25,"47":25,"48":24,"49":25,"50":1,"51":25,"52":1,"53":25,"54":25,"55":20,"56":1,"57":18,"58":19,"59":2,"60":1},"f":{"0":41,"1":21,"2":21,"3":10,"4":7,"5":4,"6":4,"7":4,"8":3,"9":3,"10":2,"11":3,"12":2,"13":2,"14":2,"15":2,"16":25,"17":24,"18":25,"19":1,"20":25,"21":25,"22":20,"23":1,"24":18,"25":19,"26":2},"b":{"0":[6],"1":[2],"2":[27,27],"3":[3],"4":[2],"5":[1],"6":[2],"7":[1],"8":[1],"9":[1],"10":[1]}}
}
