TN:
SF:src/option/index.ts
FN:9,(anonymous_0)
FN:13,(anonymous_1)
FN:17,(anonymous_2)
FN:23,(anonymous_3)
FN:24,(anonymous_4)
FN:27,(anonymous_5)
FN:29,(anonymous_6)
FN:34,(anonymous_7)
FN:41,(anonymous_8)
FN:48,(anonymous_9)
FN:55,(anonymous_10)
FN:64,(anonymous_11)
FN:68,(anonymous_12)
FN:72,(anonymous_13)
FN:78,(anonymous_14)
FN:82,(anonymous_15)
FN:86,(anonymous_16)
FN:90,(anonymous_17)
FNF:18
FNH:18
FNDA:8,(anonymous_0)
FNDA:9,(anonymous_1)
FNDA:6,(anonymous_2)
FNDA:4,(anonymous_3)
FNDA:4,(anonymous_4)
FNDA:2,(anonymous_5)
FNDA:1,(anonymous_6)
FNDA:2,(anonymous_7)
FNDA:2,(anonymous_8)
FNDA:2,(anonymous_9)
FNDA:2,(anonymous_10)
FNDA:1,(anonymous_11)
FNDA:15,(anonymous_12)
FNDA:16,(anonymous_13)
FNDA:12,(anonymous_14)
FNDA:12,(anonymous_15)
FNDA:12,(anonymous_16)
FNDA:12,(anonymous_17)
DA:1,3
DA:4,3
DA:10,8
DA:14,9
DA:20,6
DA:24,4
DA:28,2
DA:29,1
DA:31,1
DA:35,2
DA:36,1
DA:38,1
DA:42,2
DA:43,1
DA:45,1
DA:49,2
DA:50,1
DA:52,1
DA:56,2
DA:57,1
DA:59,1
DA:63,3
DA:65,1
DA:69,15
DA:73,16
DA:77,3
DA:78,12
DA:79,12
DA:83,12
DA:87,12
DA:91,12
LF:31
LH:31
BRDA:28,0,0,1
BRDA:35,1,0,1
BRDA:42,2,0,1
BRDA:49,3,0,1
BRDA:56,4,0,1
BRF:5
BRH:5
end_of_record
