TN:
SF:src/either/index.ts
FN:11,(anonymous_0)
FN:15,(anonymous_1)
FN:19,(anonymous_2)
FN:25,(anonymous_3)
FN:26,(anonymous_4)
FN:29,(anonymous_5)
FN:37,(anonymous_6)
FN:45,(anonymous_7)
FN:53,(anonymous_8)
FN:61,(anonymous_9)
FN:69,(anonymous_10)
FN:79,(anonymous_11)
FN:83,(anonymous_12)
FN:87,(anonymous_13)
FN:91,(anonymous_14)
FN:95,(anonymous_15)
FN:101,(anonymous_16)
FN:105,(anonymous_17)
FN:109,(anonymous_18)
FN:113,(anonymous_19)
FN:117,(anonymous_20)
FNF:21
FNH:21
FNDA:9,(anonymous_0)
FNDA:10,(anonymous_1)
FNDA:4,(anonymous_2)
FNDA:2,(anonymous_3)
FNDA:2,(anonymous_4)
FNDA:2,(anonymous_5)
FNDA:2,(anonymous_6)
FNDA:2,(anonymous_7)
FNDA:2,(anonymous_8)
FNDA:2,(anonymous_9)
FNDA:2,(anonymous_10)
FNDA:15,(anonymous_11)
FNDA:13,(anonymous_12)
FNDA:12,(anonymous_13)
FNDA:1,(anonymous_14)
FNDA:15,(anonymous_15)
FNDA:15,(anonymous_16)
FNDA:13,(anonymous_17)
FNDA:1,(anonymous_18)
FNDA:14,(anonymous_19)
FNDA:15,(anonymous_20)
DA:1,3
DA:4,3
DA:12,9
DA:16,10
DA:22,4
DA:26,2
DA:30,2
DA:31,1
DA:34,1
DA:38,2
DA:39,1
DA:42,1
DA:46,2
DA:47,1
DA:50,1
DA:54,2
DA:55,1
DA:58,1
DA:62,2
DA:63,1
DA:66,1
DA:70,2
DA:71,1
DA:74,1
DA:78,3
DA:79,15
DA:80,15
DA:84,13
DA:88,12
DA:92,1
DA:96,15
DA:100,3
DA:101,15
DA:102,15
DA:106,13
DA:110,1
DA:114,14
DA:118,15
LF:38
LH:38
BRDA:30,0,0,1
BRDA:38,1,0,1
BRDA:46,2,0,1
BRDA:54,3,0,1
BRDA:62,4,0,1
BRDA:70,5,0,1
BRF:6
BRH:6
end_of_record
TN:
SF:src/io/index.ts
FN:13,(anonymous_1)
FN:30,(anonymous_2)
FN:31,(anonymous_3)
FN:34,(anonymous_4)
FN:40,(anonymous_5)
FN:46,(anonymous_6)
FN:47,(anonymous_7)
FN:50,(anonymous_8)
FN:52,(anonymous_9)
FN:57,(anonymous_10)
FN:64,(anonymous_11)
FN:71,(anonymous_12)
FN:79,(anonymous_13)
FN:86,(anonymous_14)
FN:94,(anonymous_15)
FN:102,(anonymous_16)
FN:112,(anonymous_17)
FN:116,(anonymous_18)
FN:120,(anonymous_19)
FN:124,(anonymous_20)
FN:128,(anonymous_21)
FN:134,(anonymous_22)
FN:138,(anonymous_23)
FN:142,(anonymous_24)
FN:146,(anonymous_25)
FN:150,(anonymous_26)
FN:154,(anonymous_27)
FNF:27
FNH:27
FNDA:84,(anonymous_1)
FNDA:40,(anonymous_2)
FNDA:40,(anonymous_3)
FNDA:20,(anonymous_4)
FNDA:13,(anonymous_5)
FNDA:4,(anonymous_6)
FNDA:4,(anonymous_7)
FNDA:4,(anonymous_8)
FNDA:3,(anonymous_9)
FNDA:3,(anonymous_10)
FNDA:2,(anonymous_11)
FNDA:3,(anonymous_12)
FNDA:2,(anonymous_13)
FNDA:2,(anonymous_14)
FNDA:25,(anonymous_15)
FNDA:26,(anonymous_16)
FNDA:48,(anonymous_17)
FNDA:47,(anonymous_18)
FNDA:48,(anonymous_19)
FNDA:1,(anonymous_20)
FNDA:48,(anonymous_21)
FNDA:45,(anonymous_22)
FNDA:44,(anonymous_23)
FNDA:1,(anonymous_24)
FNDA:29,(anonymous_25)
FNDA:39,(anonymous_26)
FNDA:6,(anonymous_27)
DA:1,3
DA:2,3
DA:4,3
DA:6,3
DA:14,84
DA:15,84
DA:16,61
DA:17,7
DA:20,54
DA:21,6
DA:24,48
DA:26,23
DA:31,40
DA:37,20
DA:38,20
DA:40,13
DA:42,7
DA:47,4
DA:51,4
DA:52,3
DA:54,1
DA:58,3
DA:59,2
DA:61,1
DA:65,2
DA:66,1
DA:68,1
DA:72,3
DA:73,2
DA:76,1
DA:80,2
DA:81,1
DA:83,1
DA:87,2
DA:88,1
DA:91,1
DA:95,25
DA:96,13
DA:99,12
DA:103,26
DA:104,12
DA:107,14
DA:111,3
DA:112,48
DA:113,48
DA:117,47
DA:121,48
DA:125,1
DA:129,48
DA:133,3
DA:134,45
DA:135,45
DA:139,44
DA:143,1
DA:147,29
DA:151,39
DA:155,6
LF:57
LH:57
BRDA:16,0,0,7
BRDA:20,1,0,6
BRDA:20,2,0,54
BRDA:20,2,1,52
BRDA:51,3,0,3
BRDA:58,4,0,2
BRDA:65,5,0,1
BRDA:72,6,0,2
BRDA:80,7,0,1
BRDA:87,8,0,1
BRDA:95,9,0,13
BRDA:103,10,0,12
BRF:12
BRH:12
end_of_record
TN:
SF:src/option/index.ts
FN:9,(anonymous_0)
FN:13,(anonymous_1)
FN:17,(anonymous_2)
FN:23,(anonymous_3)
FN:24,(anonymous_4)
FN:27,(anonymous_5)
FN:29,(anonymous_6)
FN:34,(anonymous_7)
FN:41,(anonymous_8)
FN:48,(anonymous_9)
FN:55,(anonymous_10)
FN:64,(anonymous_11)
FN:68,(anonymous_12)
FN:72,(anonymous_13)
FN:78,(anonymous_14)
FN:82,(anonymous_15)
FN:86,(anonymous_16)
FN:90,(anonymous_17)
FNF:18
FNH:18
FNDA:8,(anonymous_0)
FNDA:9,(anonymous_1)
FNDA:6,(anonymous_2)
FNDA:4,(anonymous_3)
FNDA:4,(anonymous_4)
FNDA:2,(anonymous_5)
FNDA:1,(anonymous_6)
FNDA:2,(anonymous_7)
FNDA:2,(anonymous_8)
FNDA:2,(anonymous_9)
FNDA:2,(anonymous_10)
FNDA:1,(anonymous_11)
FNDA:15,(anonymous_12)
FNDA:16,(anonymous_13)
FNDA:12,(anonymous_14)
FNDA:12,(anonymous_15)
FNDA:12,(anonymous_16)
FNDA:12,(anonymous_17)
DA:2,3
DA:4,3
DA:10,8
DA:14,9
DA:20,6
DA:24,4
DA:28,2
DA:29,1
DA:31,1
DA:35,2
DA:36,1
DA:38,1
DA:42,2
DA:43,1
DA:45,1
DA:49,2
DA:50,1
DA:52,1
DA:56,2
DA:57,1
DA:59,1
DA:63,3
DA:65,1
DA:69,15
DA:73,16
DA:77,3
DA:78,12
DA:79,12
DA:83,12
DA:87,12
DA:91,12
LF:31
LH:31
BRDA:28,0,0,1
BRDA:35,1,0,1
BRDA:42,2,0,1
BRDA:49,3,0,1
BRDA:56,4,0,1
BRF:5
BRH:5
end_of_record
